2017-05-30 23:06:38.119  INFO 45965 --- [main] byzas.in.elkdemo.ElkDemoApplication      : Starting ElkDemoApplication on Sercans-MacBook-Pro.local with PID 45965 (/Users/sercanmac/Downloads/elk-demo/target/classes started by sercanmac in /Users/sercanmac/Downloads/elk-demo)
2017-05-30 23:06:38.123  INFO 45965 --- [main] byzas.in.elkdemo.ElkDemoApplication      : No active profile set, falling back to default profiles: default
2017-05-30 23:06:38.192  INFO 45965 --- [main] ationConfigEmbeddedWebApplicationContext : Refreshing org.springframework.boot.context.embedded.AnnotationConfigEmbeddedWebApplicationContext@4aea4133: startup date [Tue May 30 23:06:38 EET 2017]; root of context hierarchy
2017-05-30 23:06:39.583  INFO 45965 --- [main] s.b.c.e.t.TomcatEmbeddedServletContainer : Tomcat initialized with port(s): 8989 (http)
2017-05-30 23:06:39.600  INFO 45965 --- [main] o.apache.catalina.core.StandardService   : Starting service Tomcat
2017-05-30 23:06:39.601  INFO 45965 --- [main] org.apache.catalina.core.StandardEngine  : Starting Servlet Engine: Apache Tomcat/8.5.14
2017-05-30 23:06:39.700  INFO 45965 --- [localhost-startStop-1] o.a.c.c.C.[Tomcat].[localhost].[/]       : Initializing Spring embedded WebApplicationContext
2017-05-30 23:06:39.700  INFO 45965 --- [localhost-startStop-1] o.s.web.context.ContextLoader            : Root WebApplicationContext: initialization completed in 1513 ms
2017-05-30 23:06:39.865  INFO 45965 --- [localhost-startStop-1] o.s.b.w.servlet.ServletRegistrationBean  : Mapping servlet: 'dispatcherServlet' to [/]
2017-05-30 23:06:39.870  INFO 45965 --- [localhost-startStop-1] o.s.b.w.servlet.FilterRegistrationBean   : Mapping filter: 'characterEncodingFilter' to: [/*]
2017-05-30 23:06:39.871  INFO 45965 --- [localhost-startStop-1] o.s.b.w.servlet.FilterRegistrationBean   : Mapping filter: 'hiddenHttpMethodFilter' to: [/*]
2017-05-30 23:06:39.871  INFO 45965 --- [localhost-startStop-1] o.s.b.w.servlet.FilterRegistrationBean   : Mapping filter: 'httpPutFormContentFilter' to: [/*]
2017-05-30 23:06:39.871  INFO 45965 --- [localhost-startStop-1] o.s.b.w.servlet.FilterRegistrationBean   : Mapping filter: 'requestContextFilter' to: [/*]
2017-05-30 23:06:40.206  INFO 45965 --- [main] s.w.s.m.m.a.RequestMappingHandlerAdapter : Looking for @ControllerAdvice: org.springframework.boot.context.embedded.AnnotationConfigEmbeddedWebApplicationContext@4aea4133: startup date [Tue May 30 23:06:38 EET 2017]; root of context hierarchy
2017-05-30 23:06:40.289  INFO 45965 --- [main] s.w.s.m.m.a.RequestMappingHandlerMapping : Mapped "{[/log/write/bulk],methods=[GET]}" onto public java.lang.String byzas.in.elkdemo.ElkDemoApplication$IndexController.writeLogBulk()
2017-05-30 23:06:40.294  INFO 45965 --- [main] s.w.s.m.m.a.RequestMappingHandlerMapping : Mapped "{[/error]}" onto public org.springframework.http.ResponseEntity<java.util.Map<java.lang.String, java.lang.Object>> org.springframework.boot.autoconfigure.web.BasicErrorController.error(javax.servlet.http.HttpServletRequest)
2017-05-30 23:06:40.295  INFO 45965 --- [main] s.w.s.m.m.a.RequestMappingHandlerMapping : Mapped "{[/error],produces=[text/html]}" onto public org.springframework.web.servlet.ModelAndView org.springframework.boot.autoconfigure.web.BasicErrorController.errorHtml(javax.servlet.http.HttpServletRequest,javax.servlet.http.HttpServletResponse)
2017-05-30 23:06:40.332  INFO 45965 --- [main] o.s.w.s.handler.SimpleUrlHandlerMapping  : Mapped URL path [/webjars/**] onto handler of type [class org.springframework.web.servlet.resource.ResourceHttpRequestHandler]
2017-05-30 23:06:40.332  INFO 45965 --- [main] o.s.w.s.handler.SimpleUrlHandlerMapping  : Mapped URL path [/**] onto handler of type [class org.springframework.web.servlet.resource.ResourceHttpRequestHandler]
2017-05-30 23:06:40.378  INFO 45965 --- [main] o.s.w.s.handler.SimpleUrlHandlerMapping  : Mapped URL path [/**/favicon.ico] onto handler of type [class org.springframework.web.servlet.resource.ResourceHttpRequestHandler]
2017-05-30 23:06:40.573  INFO 45965 --- [main] o.s.j.e.a.AnnotationMBeanExporter        : Registering beans for JMX exposure on startup
2017-05-30 23:06:40.655  INFO 45965 --- [main] s.b.c.e.t.TomcatEmbeddedServletContainer : Tomcat started on port(s): 8989 (http)
2017-05-30 23:06:40.661  INFO 45965 --- [main] byzas.in.elkdemo.ElkDemoApplication      : Started ElkDemoApplication in 3.316 seconds (JVM running for 6.639)
2017-05-30 23:09:59.206  INFO 45965 --- [http-nio-8989-exec-1] o.a.c.c.C.[Tomcat].[localhost].[/]       : Initializing Spring FrameworkServlet 'dispatcherServlet'
2017-05-30 23:09:59.207  INFO 45965 --- [http-nio-8989-exec-1] o.s.web.servlet.DispatcherServlet        : FrameworkServlet 'dispatcherServlet': initialization started
2017-05-30 23:09:59.225  INFO 45965 --- [http-nio-8989-exec-1] o.s.web.servlet.DispatcherServlet        : FrameworkServlet 'dispatcherServlet': initialization completed in 18 ms
2017-05-30 23:09:59.261  INFO 45965 --- [http-nio-8989-exec-1] b.i.e.ElkDemoApplication$IndexController : [logtype] Writing Log 0
2017-05-30 23:09:59.262  INFO 45965 --- [http-nio-8989-exec-1] b.i.e.ElkDemoApplication$IndexController : [fetchtype] Writing Log 1
2017-05-30 23:09:59.262  INFO 45965 --- [http-nio-8989-exec-1] b.i.e.ElkDemoApplication$IndexController : [logtype] Writing Log 2
2017-05-30 23:09:59.263  INFO 45965 --- [http-nio-8989-exec-1] b.i.e.ElkDemoApplication$IndexController : [fetchtype] Writing Log 3
2017-05-30 23:09:59.263  INFO 45965 --- [http-nio-8989-exec-1] b.i.e.ElkDemoApplication$IndexController : [logtype] Writing Log 4
2017-05-30 23:09:59.263  INFO 45965 --- [http-nio-8989-exec-1] b.i.e.ElkDemoApplication$IndexController : [fetchtype] Writing Log 5
2017-05-30 23:09:59.263  INFO 45965 --- [http-nio-8989-exec-1] b.i.e.ElkDemoApplication$IndexController : [logtype] Writing Log 6
2017-05-30 23:09:59.263  INFO 45965 --- [http-nio-8989-exec-1] b.i.e.ElkDemoApplication$IndexController : [fetchtype] Writing Log 7
2017-05-30 23:09:59.263  INFO 45965 --- [http-nio-8989-exec-1] b.i.e.ElkDemoApplication$IndexController : [logtype] Writing Log 8
2017-05-30 23:09:59.264  INFO 45965 --- [http-nio-8989-exec-1] b.i.e.ElkDemoApplication$IndexController : [fetchtype] Writing Log 9
2017-05-30 23:09:59.264  INFO 45965 --- [http-nio-8989-exec-1] b.i.e.ElkDemoApplication$IndexController : [logtype] Writing Log 10
2017-05-30 23:09:59.265  INFO 45965 --- [http-nio-8989-exec-1] b.i.e.ElkDemoApplication$IndexController : [fetchtype] Writing Log 11
2017-05-30 23:09:59.265  INFO 45965 --- [http-nio-8989-exec-1] b.i.e.ElkDemoApplication$IndexController : [logtype] Writing Log 12
2017-05-30 23:09:59.265  INFO 45965 --- [http-nio-8989-exec-1] b.i.e.ElkDemoApplication$IndexController : [fetchtype] Writing Log 13
2017-05-30 23:09:59.267  INFO 45965 --- [http-nio-8989-exec-1] b.i.e.ElkDemoApplication$IndexController : [logtype] Writing Log 14
2017-05-30 23:09:59.267  INFO 45965 --- [http-nio-8989-exec-1] b.i.e.ElkDemoApplication$IndexController : [fetchtype] Writing Log 15
2017-05-30 23:09:59.268  INFO 45965 --- [http-nio-8989-exec-1] b.i.e.ElkDemoApplication$IndexController : [logtype] Writing Log 16
2017-05-30 23:25:03.384  INFO 45965 --- [http-nio-8989-exec-6] b.i.e.ElkDemoApplication$IndexController : [logtype] Writing Log 0
2017-05-30 23:25:03.385  INFO 45965 --- [http-nio-8989-exec-6] b.i.e.ElkDemoApplication$IndexController : [fetchtype] Writing Log 1
2017-05-30 23:25:03.385  INFO 45965 --- [http-nio-8989-exec-6] b.i.e.ElkDemoApplication$IndexController : [logtype] Writing Log 2
2017-05-30 23:25:03.385  INFO 45965 --- [http-nio-8989-exec-6] b.i.e.ElkDemoApplication$IndexController : [fetchtype] Writing Log 3
2017-05-30 23:25:03.385  INFO 45965 --- [http-nio-8989-exec-6] b.i.e.ElkDemoApplication$IndexController : [logtype] Writing Log 4
2017-05-30 23:25:03.385  INFO 45965 --- [http-nio-8989-exec-6] b.i.e.ElkDemoApplication$IndexController : [fetchtype] Writing Log 5
2017-05-30 23:25:03.385  INFO 45965 --- [http-nio-8989-exec-6] b.i.e.ElkDemoApplication$IndexController : [logtype] Writing Log 6
2017-05-30 23:25:03.386  INFO 45965 --- [http-nio-8989-exec-6] b.i.e.ElkDemoApplication$IndexController : [fetchtype] Writing Log 7
2017-05-30 23:25:03.386  INFO 45965 --- [http-nio-8989-exec-6] b.i.e.ElkDemoApplication$IndexController : [logtype] Writing Log 8
2017-05-30 23:25:03.390  INFO 45965 --- [http-nio-8989-exec-6] b.i.e.ElkDemoApplication$IndexController : [fetchtype] Writing Log 9
2017-05-30 23:25:03.390  INFO 45965 --- [http-nio-8989-exec-6] b.i.e.ElkDemoApplication$IndexController : [logtype] Writing Log 10
2017-05-30 23:25:03.390  INFO 45965 --- [http-nio-8989-exec-6] b.i.e.ElkDemoApplication$IndexController : [fetchtype] Writing Log 11
2017-05-30 23:25:03.390  INFO 45965 --- [http-nio-8989-exec-6] b.i.e.ElkDemoApplication$IndexController : [logtype] Writing Log 12
2017-05-30 23:25:03.390  INFO 45965 --- [http-nio-8989-exec-6] b.i.e.ElkDemoApplication$IndexController : [fetchtype] Writing Log 13
2017-05-30 23:25:03.392  INFO 45965 --- [http-nio-8989-exec-6] b.i.e.ElkDemoApplication$IndexController : [logtype] Writing Log 14
2017-05-30 23:25:03.392  INFO 45965 --- [http-nio-8989-exec-6] b.i.e.ElkDemoApplication$IndexController : [fetchtype] Writing Log 15
2017-05-30 23:25:03.392  INFO 45965 --- [http-nio-8989-exec-6] b.i.e.ElkDemoApplication$IndexController : [logtype] Writing Log 16
